<?xml version="1.0" encoding="UTF-8"?>
<!-- Generated by org.testng.reporters.JUnitReportReporter -->
<testsuite skipped="0" hostname="john-PC" name="Resource.Orange" tests="1" failures="0" timestamp="12 Oct 2018 12:02:09 GMT" time="28.726" errors="0">
  <testcase name="Verify_Login" time="28.726" classname="Resource.Orange"/>
</testsuite> <!-- Resource.Orange -->
